<?xml version="1.0" encoding="UTF-8"?>
<!-- Generated by org.testng.reporters.JUnitReportReporter -->
<testsuite hostname="ELW5149" failures="0" tests="2" name="testng.NewTest" time="0.006" errors="0" timestamp="26 Sep 2022 10:59:01 GMT" skipped="0">
  <testcase classname="testng.NewTest" name="testCase1" time="0.005"/>
  <testcase classname="testng.NewTest" name="testCase2" time="0.001"/>
</testsuite> <!-- testng.NewTest -->
