<?xml version="1.0" encoding="UTF-8"?>
<!-- Generated by org.testng.reporters.JUnitReportReporter -->
<testsuite hostname="ELW5149" failures="0" tests="2" name="seleniumexamples.TestNG" time="0.007" errors="0" timestamp="26 Sep 2022 10:25:41 GMT" skipped="0">
  <testcase classname="seleniumexamples.TestNG" name="testCase1" time="0.005"/>
  <testcase classname="seleniumexamples.TestNG" name="testCase2" time="0.002"/>
</testsuite> <!-- seleniumexamples.TestNG -->
